TN:
SF:src/app.ts
FN:43,(anonymous_1)
FNF:1
FNH:0
FNDA:0,(anonymous_1)
DA:1,1
DA:2,1
DA:3,1
DA:4,1
DA:5,1
DA:6,1
DA:7,1
DA:8,1
DA:9,1
DA:11,1
DA:12,1
DA:15,1
DA:16,1
DA:23,1
DA:24,1
DA:25,1
DA:26,1
DA:27,1
DA:28,1
DA:32,1
DA:43,1
DA:44,0
DA:52,1
DA:56,1
DA:57,1
LF:25
LH:24
BRF:0
BRH:0
end_of_record
TN:
SF:src/server.ts
FN:10,initializeConfig
FN:23,initializeQueueConnection
FN:27,initializeDatabase
FN:33,startServer
FN:34,(anonymous_16)
FN:39,run
FN:49,(anonymous_19)
FN:49,(anonymous_20)
FN:51,(anonymous_21)
FN:51,(anonymous_22)
FN:64,(anonymous_23)
FN:71,(anonymous_24)
FNF:12
FNH:4
FNDA:1,initializeConfig
FNDA:1,initializeQueueConnection
FNDA:1,initializeDatabase
FNDA:0,startServer
FNDA:0,(anonymous_16)
FNDA:1,run
FNDA:0,(anonymous_19)
FNDA:0,(anonymous_20)
FNDA:0,(anonymous_21)
FNDA:0,(anonymous_22)
FNDA:0,(anonymous_23)
FNDA:0,(anonymous_24)
DA:1,1
DA:2,1
DA:3,1
DA:4,1
DA:6,1
DA:11,1
DA:12,1
DA:20,1
DA:24,1
DA:28,1
DA:29,1
DA:30,0
DA:34,0
DA:35,0
DA:40,1
DA:41,1
DA:43,1
DA:44,1
DA:45,1
DA:46,1
DA:47,0
DA:49,0
DA:50,0
DA:51,0
DA:52,0
DA:53,0
DA:54,0
DA:55,0
DA:58,0
DA:59,0
DA:60,0
DA:64,0
DA:65,0
DA:66,0
DA:69,0
DA:70,0
DA:71,0
DA:72,0
DA:73,0
DA:76,0
DA:77,0
DA:78,0
DA:82,1
LF:43
LH:18
BRDA:11,0,0,1
BRDA:11,0,1,0
BRDA:14,1,0,0
BRDA:14,1,1,1
BRDA:16,2,0,0
BRDA:16,2,1,1
BRDA:50,3,0,0
BRDA:50,3,1,0
BRDA:53,4,0,0
BRDA:58,5,0,0
BRDA:73,6,0,0
BRDA:77,7,0,0
BRF:12
BRH:3
end_of_record
TN:
SF:src/controllers/auth.controller.ts
FN:28,(anonymous_12)
FN:44,(anonymous_14)
FN:64,(anonymous_16)
FN:80,(anonymous_18)
FN:100,(anonymous_20)
FN:116,(anonymous_22)
FN:132,(anonymous_24)
FN:153,(anonymous_26)
FN:173,(anonymous_28)
FN:188,(anonymous_30)
FN:204,(anonymous_32)
FNF:11
FNH:0
FNDA:0,(anonymous_12)
FNDA:0,(anonymous_14)
FNDA:0,(anonymous_16)
FNDA:0,(anonymous_18)
FNDA:0,(anonymous_20)
FNDA:0,(anonymous_22)
FNDA:0,(anonymous_24)
FNDA:0,(anonymous_26)
FNDA:0,(anonymous_28)
FNDA:0,(anonymous_30)
FNDA:0,(anonymous_32)
DA:1,1
DA:2,1
DA:3,1
DA:4,1
DA:5,1
DA:7,1
DA:18,1
DA:19,1
DA:20,1
DA:21,1
DA:22,1
DA:24,1
DA:28,1
DA:31,0
DA:32,0
DA:33,0
DA:34,0
DA:36,0
DA:38,0
DA:44,1
DA:47,0
DA:48,0
DA:49,0
DA:51,0
DA:52,0
DA:58,0
DA:64,1
DA:67,0
DA:68,0
DA:69,0
DA:71,0
DA:73,0
DA:80,1
DA:83,0
DA:84,0
DA:85,0
DA:87,0
DA:88,0
DA:94,0
DA:100,1
DA:101,0
DA:102,0
DA:103,0
DA:105,0
DA:106,0
DA:107,0
DA:108,0
DA:110,0
DA:116,1
DA:117,0
DA:118,0
DA:119,0
DA:121,0
DA:122,0
DA:123,0
DA:124,0
DA:126,0
DA:132,1
DA:135,0
DA:137,0
DA:138,0
DA:140,0
DA:141,0
DA:147,0
DA:153,1
DA:156,0
DA:157,0
DA:158,0
DA:160,0
DA:161,0
DA:167,0
DA:173,1
DA:176,0
DA:177,0
DA:178,0
DA:179,0
DA:180,0
DA:182,0
DA:188,1
DA:192,0
DA:193,0
DA:194,0
DA:196,0
DA:198,0
DA:204,1
DA:205,0
DA:206,0
DA:207,0
DA:208,0
DA:209,0
DA:211,0
DA:212,0
DA:214,0
DA:216,0
LF:94
LH:23
BRDA:206,0,0,0
BRDA:206,0,1,0
BRDA:206,1,0,0
BRDA:206,1,1,0
BRDA:211,2,0,0
BRF:5
BRH:0
end_of_record
TN:
SF:src/controllers/crud.controller.ts
FN:6,(anonymous_7)
FNF:1
FNH:0
FNDA:0,(anonymous_7)
DA:1,0
DA:4,0
DA:7,0
DA:8,0
DA:9,0
DA:11,0
DA:13,0
LF:7
LH:0
BRF:0
BRH:0
end_of_record
TN:
SF:src/database/index.ts
FN:9,(anonymous_8)
FN:13,(anonymous_9)
FN:21,(anonymous_10)
FN:25,(anonymous_11)
FN:26,(anonymous_12)
FN:30,(anonymous_13)
FN:34,(anonymous_14)
FN:39,(anonymous_15)
FN:39,(anonymous_16)
FN:49,(anonymous_17)
FNF:10
FNH:7
FNDA:1,(anonymous_8)
FNDA:1,(anonymous_9)
FNDA:0,(anonymous_10)
FNDA:1,(anonymous_11)
FNDA:0,(anonymous_12)
FNDA:1,(anonymous_13)
FNDA:1,(anonymous_14)
FNDA:1,(anonymous_15)
FNDA:1,(anonymous_16)
FNDA:0,(anonymous_17)
DA:1,1
DA:4,1
DA:6,1
DA:7,1
DA:10,1
DA:14,1
DA:15,1
DA:18,1
DA:22,0
DA:26,1
DA:27,0
DA:30,1
DA:31,1
DA:34,1
DA:35,1
DA:39,1
DA:40,1
DA:41,1
DA:42,1
DA:43,0
DA:45,0
DA:50,0
DA:51,0
DA:52,0
LF:24
LH:17
BRDA:14,0,0,1
BRF:1
BRH:1
end_of_record
TN:
SF:src/database/models/account-verification.model.ts
FNF:0
FNH:0
DA:1,1
DA:2,1
DA:14,1
DA:30,1
DA:35,1
LF:5
LH:5
BRF:0
BRH:0
end_of_record
TN:
SF:src/database/models/auth.model.ts
FNF:0
FNH:0
DA:1,1
DA:3,1
DA:40,1
LF:3
LH:3
BRF:0
BRH:0
end_of_record
TN:
SF:src/database/repositories/account-verification.repository.ts
FN:5,(anonymous_8)
FN:5,(anonymous_9)
FN:25,(anonymous_10)
FN:25,(anonymous_11)
FN:36,(anonymous_12)
FN:36,(anonymous_13)
FN:39,(anonymous_14)
FN:39,(anonymous_15)
FNF:8
FNH:0
FNDA:0,(anonymous_8)
FNDA:0,(anonymous_9)
FNDA:0,(anonymous_10)
FNDA:0,(anonymous_11)
FNDA:0,(anonymous_12)
FNDA:0,(anonymous_13)
FNDA:0,(anonymous_14)
FNDA:0,(anonymous_15)
DA:2,1
DA:4,1
DA:5,0
DA:12,0
DA:13,0
DA:18,0
DA:19,0
DA:21,0
DA:25,0
DA:26,0
DA:27,0
DA:31,0
DA:33,0
DA:36,0
DA:37,0
DA:39,0
DA:40,0
DA:41,0
DA:45,0
LF:19
LH:2
BRF:0
BRH:0
end_of_record
TN:
SF:src/database/repositories/auth.respository.ts
FN:8,(anonymous_8)
FN:8,(anonymous_9)
FN:31,(anonymous_10)
FN:31,(anonymous_11)
FN:65,(anonymous_12)
FN:65,(anonymous_13)
FN:74,(anonymous_14)
FN:74,(anonymous_15)
FN:84,(anonymous_16)
FN:84,(anonymous_17)
FN:96,(anonymous_18)
FN:96,(anonymous_19)
FNF:12
FNH:0
FNDA:0,(anonymous_8)
FNDA:0,(anonymous_9)
FNDA:0,(anonymous_10)
FNDA:0,(anonymous_11)
FNDA:0,(anonymous_12)
FNDA:0,(anonymous_13)
FNDA:0,(anonymous_14)
FNDA:0,(anonymous_15)
FNDA:0,(anonymous_16)
FNDA:0,(anonymous_17)
FNDA:0,(anonymous_18)
FNDA:0,(anonymous_19)
DA:1,1
DA:3,1
DA:4,1
DA:6,1
DA:7,1
DA:8,0
DA:9,0
DA:10,0
DA:11,0
DA:12,0
DA:15,0
DA:21,0
DA:22,0
DA:25,0
DA:27,0
DA:31,0
DA:41,0
DA:42,0
DA:52,0
DA:53,0
DA:54,0
DA:56,0
DA:58,0
DA:65,0
DA:66,0
DA:67,0
DA:68,0
DA:70,0
DA:71,0
DA:74,0
DA:75,0
DA:76,0
DA:78,0
DA:80,0
DA:84,0
DA:85,0
DA:86,0
DA:90,0
DA:92,0
DA:96,0
DA:100,0
DA:101,0
DA:102,0
DA:103,0
DA:105,0
DA:108,0
LF:46
LH:5
BRDA:11,0,0,0
BRDA:21,1,0,0
BRDA:53,2,0,0
BRDA:102,3,0,0
BRF:4
BRH:0
end_of_record
TN:
SF:src/error/base-custom-error.ts
FN:6,(anonymous_1)
FN:16,(anonymous_2)
FN:22,(anonymous_3)
FNF:3
FNH:0
FNDA:0,(anonymous_1)
FNDA:0,(anonymous_2)
FNDA:0,(anonymous_3)
DA:1,1
DA:3,1
DA:7,0
DA:8,0
DA:11,0
DA:17,0
DA:21,1
DA:23,0
LF:8
LH:3
BRDA:22,0,0,0
BRF:1
BRH:0
end_of_record
TN:
SF:src/middlewares/authorize.ts
FN:12,(anonymous_8)
FN:13,(anonymous_9)
FN:13,(anonymous_10)
FNF:3
FNH:0
FNDA:0,(anonymous_8)
FNDA:0,(anonymous_9)
FNDA:0,(anonymous_10)
DA:2,0
DA:3,0
DA:4,0
DA:6,0
DA:12,0
DA:13,0
DA:14,0
DA:15,0
DA:16,0
DA:18,0
DA:19,0
DA:20,0
DA:25,0
DA:27,0
DA:28,0
DA:30,0
DA:31,0
DA:32,0
DA:34,0
LF:19
LH:0
BRDA:15,0,0,0
BRDA:15,0,1,0
BRDA:15,1,0,0
BRDA:15,1,1,0
BRDA:19,2,0,0
BRDA:31,3,0,0
BRF:6
BRH:0
end_of_record
TN:
SF:src/middlewares/errorsHandler.ts
FN:5,(anonymous_7)
FN:5,(anonymous_8)
FNF:2
FNH:0
FNDA:0,(anonymous_7)
FNDA:0,(anonymous_8)
DA:2,1
DA:5,1
DA:6,0
DA:7,0
DA:8,0
DA:16,0
LF:6
LH:2
BRDA:6,0,0,0
BRF:1
BRH:0
end_of_record
TN:
SF:src/middlewares/logger-handler.ts
FN:5,loggerMiddleware
FN:13,(anonymous_2)
FNF:2
FNH:0
FNDA:0,loggerMiddleware
FNDA:0,(anonymous_2)
DA:2,1
DA:3,1
DA:6,0
DA:7,0
DA:13,0
DA:14,0
DA:22,0
DA:25,1
LF:8
LH:3
BRF:0
BRH:0
end_of_record
TN:
SF:src/middlewares/user-validate-middleware.ts
FN:4,(anonymous_7)
FN:5,(anonymous_8)
FN:5,(anonymous_9)
FN:11,(anonymous_10)
FNF:4
FNH:1
FNDA:2,(anonymous_7)
FNDA:0,(anonymous_8)
FNDA:0,(anonymous_9)
FNDA:0,(anonymous_10)
DA:2,1
DA:4,1
DA:5,2
DA:6,0
DA:7,0
DA:8,0
DA:10,0
DA:11,0
DA:12,0
DA:14,0
DA:16,0
DA:17,0
LF:12
LH:3
BRDA:10,0,0,0
BRF:1
BRH:0
end_of_record
TN:
SF:src/queue/auth.producer.ts
FN:5,publishDirectMessage
FNF:1
FNH:0
FNDA:0,publishDirectMessage
DA:2,1
DA:3,1
DA:5,1
DA:12,0
DA:13,0
DA:14,0
DA:16,0
DA:17,0
DA:18,0
DA:19,0
DA:21,0
LF:11
LH:3
BRDA:13,0,0,0
BRF:1
BRH:0
end_of_record
TN:
SF:src/queue/connection.queue.ts
FN:5,createQueueConnection
FN:25,closeConnection
FN:29,(anonymous_12)
FN:29,(anonymous_13)
FNF:4
FNH:1
FNDA:1,createQueueConnection
FNDA:0,closeConnection
FNDA:0,(anonymous_12)
FNDA:0,(anonymous_13)
DA:1,1
DA:2,1
DA:3,1
DA:5,1
DA:6,1
DA:7,1
DA:8,1
DA:11,1
DA:12,0
DA:14,1
DA:15,0
DA:16,0
DA:17,0
DA:18,0
DA:20,1
DA:21,1
DA:25,1
DA:29,0
DA:30,0
DA:31,0
LF:20
LH:12
BRDA:11,0,0,0
BRF:1
BRH:0
end_of_record
TN:
SF:src/routes/path-defs.ts
FNF:0
FNH:0
DA:1,1
DA:16,1
DA:20,1
LF:3
LH:3
BRF:0
BRH:0
end_of_record
TN:
SF:src/routes/v1/crud.route.ts
FN:8,(anonymous_8)
FN:8,(anonymous_9)
FNF:2
FNH:0
FNDA:0,(anonymous_8)
FNDA:0,(anonymous_9)
DA:1,0
DA:2,0
DA:3,0
DA:4,0
DA:6,0
DA:8,0
DA:9,0
DA:10,0
DA:11,0
DA:12,0
DA:14,0
DA:19,0
DA:23,0
LF:13
LH:0
BRF:0
BRH:0
end_of_record
TN:
SF:src/routes/v1/routes.ts
FN:59,RegisterRoutes
FN:68,AuthController_Singup
FN:98,AuthController_VerifySignupEmail
FN:128,AuthController_VerifyResetPasswordEmail
FN:158,AuthController_Login
FN:188,AuthController_googleOAuth
FN:217,AuthController_facebookOAuth
FN:246,AuthController_GoogleOAuth
FN:276,AuthController_FacebookOAuthCallBack
FN:306,AuthController_RequestResetPassword
FN:336,AuthController_ConfirmResetPassword
FN:366,AuthController_Logout
FNF:12
FNH:1
FNDA:1,RegisterRoutes
FNDA:0,AuthController_Singup
FNDA:0,AuthController_VerifySignupEmail
FNDA:0,AuthController_VerifyResetPasswordEmail
FNDA:0,AuthController_Login
FNDA:0,AuthController_googleOAuth
FNDA:0,AuthController_facebookOAuth
FNDA:0,AuthController_GoogleOAuth
FNDA:0,AuthController_FacebookOAuthCallBack
FNDA:0,AuthController_RequestResetPassword
FNDA:0,AuthController_ConfirmResetPassword
FNDA:0,AuthController_Logout
DA:4,1
DA:6,1
DA:13,1
DA:55,1
DA:59,1
DA:64,1
DA:69,0
DA:75,0
DA:76,0
DA:77,0
DA:79,0
DA:81,0
DA:90,0
DA:94,1
DA:99,0
DA:105,0
DA:106,0
DA:107,0
DA:109,0
DA:111,0
DA:120,0
DA:124,1
DA:129,0
DA:135,0
DA:136,0
DA:137,0
DA:139,0
DA:141,0
DA:150,0
DA:154,1
DA:159,0
DA:165,0
DA:166,0
DA:167,0
DA:169,0
DA:171,0
DA:180,0
DA:184,1
DA:189,0
DA:194,0
DA:195,0
DA:196,0
DA:198,0
DA:200,0
DA:209,0
DA:213,1
DA:218,0
DA:223,0
DA:224,0
DA:225,0
DA:227,0
DA:229,0
DA:238,0
DA:242,1
DA:247,0
DA:253,0
DA:254,0
DA:255,0
DA:257,0
DA:259,0
DA:268,0
DA:272,1
DA:277,0
DA:283,0
DA:284,0
DA:285,0
DA:287,0
DA:289,0
DA:298,0
DA:302,1
DA:307,0
DA:313,0
DA:314,0
DA:315,0
DA:317,0
DA:319,0
DA:328,0
DA:332,1
DA:337,0
DA:343,0
DA:344,0
DA:345,0
DA:347,0
DA:349,0
DA:358,0
DA:362,1
DA:367,0
DA:373,0
DA:374,0
DA:375,0
DA:377,0
DA:379,0
DA:388,0
LF:93
LH:16
BRF:0
BRH:0
end_of_record
TN:
SF:src/schemas/auth-validate.ts
FNF:0
FNH:0
DA:1,1
DA:2,1
DA:16,1
DA:18,1
DA:29,1
LF:5
LH:5
BRF:0
BRH:0
end_of_record
TN:
SF:src/services/auth-services.ts
FN:23,(anonymous_8)
FN:29,(anonymous_9)
FN:92,(anonymous_11)
FN:170,(anonymous_13)
FN:238,(anonymous_15)
FN:304,(anonymous_17)
FN:304,(anonymous_18)
FN:347,(anonymous_19)
FN:384,(anonymous_21)
FNF:9
FNH:0
FNDA:0,(anonymous_8)
FNDA:0,(anonymous_9)
FNDA:0,(anonymous_11)
FNDA:0,(anonymous_13)
FNDA:0,(anonymous_15)
FNDA:0,(anonymous_17)
FNDA:0,(anonymous_18)
FNDA:0,(anonymous_19)
FNDA:0,(anonymous_21)
DA:1,1
DA:2,1
DA:7,1
DA:8,1
DA:10,1
DA:13,1
DA:14,1
DA:15,1
DA:16,1
DA:19,1
DA:24,0
DA:25,0
DA:26,0
DA:37,0
DA:38,0
DA:40,0
DA:42,0
DA:45,0
DA:46,0
DA:47,0
DA:52,0
DA:55,0
DA:62,0
DA:69,0
DA:76,0
DA:84,0
DA:85,0
DA:86,0
DA:88,0
DA:93,0
DA:94,0
DA:95,0
DA:97,0
DA:99,0
DA:101,0
DA:103,0
DA:104,0
DA:105,0
DA:106,0
DA:115,0
DA:123,0
DA:124,0
DA:125,0
DA:126,0
DA:127,0
DA:129,0
DA:130,0
DA:131,0
DA:132,0
DA:133,0
DA:136,0
DA:144,0
DA:151,0
DA:152,0
DA:153,0
DA:154,0
DA:157,0
DA:160,0
DA:162,0
DA:163,0
DA:164,0
DA:166,0
DA:177,0
DA:178,0
DA:180,0
DA:181,0
DA:182,0
DA:185,0
DA:186,0
DA:192,0
DA:196,0
DA:197,0
DA:203,0
DA:204,0
DA:206,0
DA:207,0
DA:210,0
DA:225,0
DA:228,0
DA:230,0
DA:231,0
DA:232,0
DA:234,0
DA:249,0
DA:251,0
DA:252,0
DA:253,0
DA:256,0
DA:258,0
DA:260,0
DA:263,0
DA:264,0
DA:265,0
DA:267,0
DA:268,0
DA:269,0
DA:272,0
DA:281,0
DA:283,0
DA:290,0
DA:291,0
DA:292,0
DA:293,0
DA:295,0
DA:298,0
DA:300,0
DA:304,0
DA:305,0
DA:307,0
DA:310,0
DA:311,0
DA:315,0
DA:316,0
DA:323,0
DA:324,0
DA:331,0
DA:339,0
DA:340,0
DA:341,0
DA:343,0
DA:352,0
DA:374,0
DA:376,0
DA:377,0
DA:378,0
DA:380,0
DA:385,0
DA:386,0
DA:388,0
DA:389,0
DA:390,0
DA:391,0
DA:393,0
DA:395,0
LF:134
LH:10
BRDA:45,0,0,0
BRDA:46,1,0,0
BRDA:85,2,0,0
BRDA:104,3,0,0
BRDA:105,4,0,0
BRDA:153,5,0,0
BRDA:163,6,0,0
BRDA:181,7,0,0
BRDA:185,8,0,0
BRDA:196,9,0,0
BRDA:206,10,0,0
BRDA:231,11,0,0
BRDA:263,12,0,0
BRDA:287,13,0,0
BRDA:287,13,1,0
BRDA:287,14,0,0
BRDA:287,14,1,0
BRDA:288,15,0,0
BRDA:288,15,1,0
BRDA:288,16,0,0
BRDA:288,16,1,0
BRDA:292,17,0,0
BRDA:310,18,0,0
BRDA:315,19,0,0
BRDA:323,20,0,0
BRDA:340,21,0,0
BRDA:377,22,0,0
BRDA:390,23,0,0
BRF:28
BRH:0
end_of_record
TN:
SF:src/services/verify-email-services.ts
FN:20,(anonymous_8)
FN:25,(anonymous_9)
FN:26,(anonymous_10)
FN:88,(anonymous_11)
FN:181,(anonymous_13)
FNF:5
FNH:0
FNDA:0,(anonymous_8)
FNDA:0,(anonymous_9)
FNDA:0,(anonymous_10)
FNDA:0,(anonymous_11)
FNDA:0,(anonymous_13)
DA:1,1
DA:2,1
DA:3,1
DA:4,1
DA:5,1
DA:6,1
DA:7,1
DA:8,1
DA:9,1
DA:10,1
DA:11,1
DA:12,1
DA:13,1
DA:17,1
DA:21,0
DA:22,0
DA:26,0
DA:35,0
DA:37,0
DA:40,0
DA:41,0
DA:44,0
DA:49,0
DA:53,0
DA:54,0
DA:61,0
DA:62,0
DA:72,0
DA:80,0
DA:84,0
DA:89,0
DA:91,0
DA:93,0
DA:95,0
DA:96,0
DA:103,0
DA:104,0
DA:105,0
DA:106,0
DA:113,0
DA:117,0
DA:118,0
DA:122,0
DA:123,0
DA:130,0
DA:131,0
DA:132,0
DA:135,0
DA:143,0
DA:144,0
DA:146,0
DA:147,0
DA:154,0
DA:157,0
DA:165,0
DA:173,0
DA:175,0
DA:177,0
DA:182,0
DA:185,0
DA:187,0
DA:188,0
DA:195,0
DA:196,0
DA:197,0
DA:198,0
DA:205,0
DA:209,0
DA:210,0
DA:214,0
DA:215,0
DA:220,0
DA:222,0
DA:226,0
LF:74
LH:14
BRDA:53,0,0,0
BRDA:53,0,1,0
BRDA:61,1,0,0
BRDA:95,2,0,0
BRDA:104,3,0,0
BRDA:117,4,0,0
BRDA:122,5,0,0
BRDA:146,6,0,0
BRDA:187,7,0,0
BRDA:196,8,0,0
BRDA:209,9,0,0
BRDA:214,10,0,0
BRF:12
BRH:0
end_of_record
TN:
SF:src/utils/account-verification.ts
FN:3,generateEmailVerificationToken
FNF:1
FNH:0
FNDA:0,generateEmailVerificationToken
DA:1,1
DA:3,1
DA:4,0
LF:3
LH:2
BRF:0
BRH:0
end_of_record
TN:
SF:src/utils/config.ts
FN:4,createConfig
FN:25,(anonymous_2)
FN:55,(anonymous_3)
FNF:3
FNH:3
FNDA:4,createConfig
FNDA:60,(anonymous_2)
FNDA:4,(anonymous_3)
DA:1,1
DA:2,1
DA:3,1
DA:5,4
DA:8,4
DA:25,60
DA:27,4
DA:28,0
DA:34,4
DA:55,1
DA:57,4
DA:60,4
DA:63,1
LF:13
LH:12
BRDA:27,0,0,0
BRDA:55,1,0,2
BRDA:57,2,0,2
BRDA:57,2,1,2
BRF:4
BRH:3
end_of_record
TN:
SF:src/utils/createMessageDetails.ts
FN:3,createMessageDetails
FNF:1
FNH:0
FNDA:0,createMessageDetails
DA:1,0
DA:3,0
DA:4,0
DA:5,0
DA:6,0
LF:5
LH:0
BRDA:8,0,0,0
BRDA:8,0,1,0
BRF:2
BRH:0
end_of_record
TN:
SF:src/utils/date-generate.ts
FN:1,GenerateTimeExpire
FNF:1
FNH:0
FNDA:0,GenerateTimeExpire
DA:1,1
DA:2,0
DA:3,0
DA:4,0
LF:4
LH:1
BRF:0
BRH:0
end_of_record
TN:
SF:src/utils/http-request.ts
FN:11,(anonymous_8)
FN:11,(anonymous_9)
FN:80,(anonymous_10)
FN:109,(anonymous_12)
FN:109,(anonymous_13)
FN:177,(anonymous_14)
FN:205,(anonymous_16)
FNF:7
FNH:0
FNDA:0,(anonymous_8)
FNDA:0,(anonymous_9)
FNDA:0,(anonymous_10)
FNDA:0,(anonymous_12)
FNDA:0,(anonymous_13)
FNDA:0,(anonymous_14)
FNDA:0,(anonymous_16)
DA:1,1
DA:2,1
DA:3,1
DA:4,1
DA:5,1
DA:8,1
DA:10,1
DA:11,0
DA:12,0
DA:13,0
DA:14,0
DA:16,0
DA:17,0
DA:34,0
DA:35,0
DA:38,0
DA:40,0
DA:41,0
DA:43,0
DA:44,0
DA:45,0
DA:51,0
DA:52,0
DA:53,0
DA:54,0
DA:56,0
DA:57,0
DA:61,0
DA:62,0
DA:67,0
DA:68,0
DA:69,0
DA:71,0
DA:74,0
DA:75,0
DA:81,0
DA:83,0
DA:84,0
DA:85,0
DA:86,0
DA:90,0
DA:92,0
DA:93,0
DA:94,0
DA:95,0
DA:96,0
DA:97,0
DA:99,0
DA:101,0
DA:103,0
DA:104,0
DA:109,0
DA:110,0
DA:111,0
DA:113,0
DA:114,0
DA:131,0
DA:132,0
DA:135,0
DA:137,0
DA:138,0
DA:140,0
DA:141,0
DA:142,0
DA:148,0
DA:149,0
DA:150,0
DA:151,0
DA:153,0
DA:154,0
DA:158,0
DA:159,0
DA:164,0
DA:165,0
DA:166,0
DA:168,0
DA:171,0
DA:172,0
DA:178,0
DA:182,0
DA:183,0
DA:184,0
DA:185,0
DA:189,0
DA:191,0
DA:192,0
DA:193,0
DA:194,0
DA:195,0
DA:196,0
DA:198,0
DA:200,0
DA:201,0
DA:206,0
DA:208,0
DA:209,0
DA:210,0
DA:211,0
DA:215,0
DA:217,0
DA:218,0
DA:219,0
DA:220,0
DA:221,0
DA:222,0
DA:224,0
DA:226,0
DA:227,0
LF:108
LH:7
BRDA:34,0,0,0
BRDA:40,1,0,0
BRDA:40,1,1,0
BRDA:43,2,0,0
BRDA:51,3,0,0
BRDA:51,3,1,0
BRDA:56,4,0,0
BRDA:56,4,1,0
BRDA:56,5,0,0
BRDA:56,5,1,0
BRDA:61,6,0,0
BRDA:67,7,0,0
BRDA:67,7,1,0
BRDA:85,8,0,0
BRDA:92,9,0,0
BRDA:92,9,1,0
BRDA:94,10,0,0
BRDA:131,11,0,0
BRDA:137,12,0,0
BRDA:137,12,1,0
BRDA:140,13,0,0
BRDA:148,14,0,0
BRDA:148,14,1,0
BRDA:153,15,0,0
BRDA:153,15,1,0
BRDA:153,16,0,0
BRDA:153,16,1,0
BRDA:158,17,0,0
BRDA:164,18,0,0
BRDA:164,18,1,0
BRDA:184,19,0,0
BRDA:191,20,0,0
BRDA:191,20,1,0
BRDA:193,21,0,0
BRDA:210,22,0,0
BRDA:217,23,0,0
BRDA:217,23,1,0
BRDA:219,24,0,0
BRF:38
BRH:0
end_of_record
TN:
SF:src/utils/http-status-code.ts
FN:1,(anonymous_0)
FNF:1
FNH:1
FNDA:1,(anonymous_0)
DA:1,1
DA:3,1
DA:4,1
DA:5,1
DA:8,1
DA:9,1
DA:10,1
DA:11,1
DA:12,1
DA:13,1
DA:14,1
DA:15,1
DA:16,1
DA:17,1
DA:20,1
DA:21,1
DA:22,1
DA:23,1
DA:24,1
DA:25,1
DA:26,1
DA:27,1
DA:30,1
DA:31,1
DA:32,1
DA:33,1
DA:34,1
DA:35,1
DA:36,1
DA:37,1
DA:38,1
DA:39,1
DA:40,1
DA:41,1
DA:42,1
DA:43,1
DA:44,1
DA:45,1
DA:46,1
DA:47,1
DA:48,1
DA:49,1
DA:50,1
DA:51,1
DA:52,1
DA:53,1
DA:54,1
DA:55,1
DA:56,1
DA:57,1
DA:58,1
DA:61,1
DA:62,1
DA:63,1
DA:64,1
DA:65,1
DA:66,1
DA:67,1
DA:68,1
DA:69,1
DA:70,1
DA:71,1
DA:74,1
LF:63
LH:63
BRDA:1,0,0,1
BRDA:1,0,1,1
BRF:2
BRH:2
end_of_record
TN:
SF:src/utils/jwt.ts
FN:16,(anonymous_8)
FN:16,(anonymous_9)
FN:24,(anonymous_10)
FN:28,(anonymous_11)
FN:46,(anonymous_12)
FN:52,(anonymous_13)
FN:64,(anonymous_14)
FN:64,(anonymous_15)
FNF:8
FNH:0
FNDA:0,(anonymous_8)
FNDA:0,(anonymous_9)
FNDA:0,(anonymous_10)
FNDA:0,(anonymous_11)
FNDA:0,(anonymous_12)
FNDA:0,(anonymous_13)
FNDA:0,(anonymous_14)
FNDA:0,(anonymous_15)
DA:1,1
DA:2,1
DA:3,1
DA:4,1
DA:5,1
DA:6,1
DA:7,1
DA:8,1
DA:10,1
DA:12,1
DA:14,1
DA:16,1
DA:17,0
DA:18,0
DA:20,0
DA:24,1
DA:28,0
DA:29,0
DA:33,0
DA:34,0
DA:39,0
DA:46,1
DA:52,0
DA:53,0
DA:54,0
DA:58,0
DA:60,0
DA:64,1
DA:65,0
DA:66,0
DA:67,0
DA:69,0
DA:70,0
LF:33
LH:15
BRDA:40,0,0,0
BRDA:40,0,1,0
BRF:2
BRH:0
end_of_record
TN:
SF:src/utils/logger.ts
FN:14,(anonymous_1)
FN:19,(anonymous_2)
FN:44,(anonymous_3)
FNF:3
FNH:1
FNDA:1,(anonymous_1)
FNDA:0,(anonymous_2)
FNDA:0,(anonymous_3)
DA:1,1
DA:2,1
DA:4,1
DA:7,1
DA:14,1
DA:19,1
DA:27,0
DA:34,0
DA:35,0
DA:44,1
DA:45,0
DA:46,0
LF:12
LH:7
BRDA:34,0,0,0
BRF:1
BRH:0
end_of_record
TN:
SF:src/utils/oauth-configs.ts
FN:15,(anonymous_8)
FN:19,(anonymous_9)
FN:26,(anonymous_11)
FN:45,(anonymous_13)
FN:60,(anonymous_15)
FN:75,(anonymous_17)
FN:75,(anonymous_18)
FN:86,(anonymous_19)
FN:94,(anonymous_21)
FN:104,(anonymous_23)
FN:115,(anonymous_25)
FNF:11
FNH:0
FNDA:0,(anonymous_8)
FNDA:0,(anonymous_9)
FNDA:0,(anonymous_11)
FNDA:0,(anonymous_13)
FNDA:0,(anonymous_15)
FNDA:0,(anonymous_17)
FNDA:0,(anonymous_18)
FNDA:0,(anonymous_19)
FNDA:0,(anonymous_21)
FNDA:0,(anonymous_23)
FNDA:0,(anonymous_25)
DA:1,1
DA:2,1
DA:9,1
DA:10,1
DA:12,1
DA:20,0
DA:21,0
DA:23,0
DA:30,0
DA:31,0
DA:32,0
DA:34,0
DA:35,0
DA:37,0
DA:38,0
DA:40,0
DA:46,0
DA:53,0
DA:54,0
DA:55,0
DA:57,0
DA:61,0
DA:67,0
DA:68,0
DA:69,0
DA:71,0
DA:75,0
DA:76,0
DA:77,0
DA:80,0
DA:82,0
DA:87,0
DA:88,0
DA:89,0
DA:91,0
DA:95,0
DA:96,0
DA:97,0
DA:98,0
DA:100,0
DA:105,0
DA:106,0
DA:110,0
DA:112,0
DA:119,0
DA:120,0
DA:127,0
DA:130,0
DA:132,0
DA:134,0
LF:50
LH:5
BRDA:20,0,0,0
BRDA:34,1,0,0
BRDA:34,1,1,0
BRDA:37,2,0,0
BRDA:37,2,1,0
BRDA:37,3,0,0
BRDA:37,3,1,0
BRDA:37,4,0,0
BRDA:37,4,1,0
BRDA:37,5,0,0
BRDA:37,5,1,0
BRDA:37,6,0,0
BRDA:37,6,1,0
BRF:13
BRH:0
end_of_record
