TN:
SF:src/app.ts
FN:44,(anonymous_1)
FNF:1
FNH:0
FNDA:0,(anonymous_1)
DA:1,0
DA:2,0
DA:3,0
DA:4,0
DA:5,0
DA:6,0
DA:7,0
DA:8,0
DA:11,0
DA:15,0
DA:16,0
DA:23,0
DA:24,0
DA:25,0
DA:26,0
DA:27,0
DA:28,0
DA:33,0
DA:44,0
DA:45,0
DA:48,0
DA:51,0
DA:52,0
LF:23
LH:0
BRF:0
BRH:0
end_of_record
TN:
SF:src/server.ts
FN:10,run
FN:23,initializeQueueConnection
FN:32,(anonymous_12)
FN:33,(anonymous_13)
FN:33,(anonymous_14)
FN:35,(anonymous_15)
FN:35,(anonymous_16)
FN:49,(anonymous_17)
FN:58,(anonymous_18)
FNF:9
FNH:0
FNDA:0,run
FNDA:0,initializeQueueConnection
FNDA:0,(anonymous_12)
FNDA:0,(anonymous_13)
FNDA:0,(anonymous_14)
FNDA:0,(anonymous_15)
FNDA:0,(anonymous_16)
FNDA:0,(anonymous_17)
FNDA:0,(anonymous_18)
DA:1,0
DA:2,0
DA:3,0
DA:4,0
DA:5,0
DA:11,0
DA:12,0
DA:14,0
DA:22,0
DA:24,0
DA:27,0
DA:29,0
DA:30,0
DA:32,0
DA:33,0
DA:34,0
DA:35,0
DA:36,0
DA:37,0
DA:38,0
DA:41,0
DA:44,0
DA:45,0
DA:46,0
DA:49,0
DA:50,0
DA:51,0
DA:54,0
DA:55,0
DA:58,0
DA:59,0
DA:60,0
DA:62,0
DA:66,0
DA:70,0
LF:35
LH:0
BRDA:12,0,0,0
BRDA:12,0,1,0
BRDA:16,1,0,0
BRDA:16,1,1,0
BRDA:18,2,0,0
BRDA:18,2,1,0
BRDA:34,3,0,0
BRDA:34,3,1,0
BRDA:60,4,0,0
BRF:9
BRH:0
end_of_record
TN:
SF:src/controllers/class.controller.ts
FN:24,(anonymous_12)
FNF:1
FNH:0
FNDA:0,(anonymous_12)
DA:1,0
DA:11,0
DA:12,0
DA:13,0
DA:14,0
DA:15,0
DA:16,0
DA:19,0
DA:24,0
DA:28,0
DA:29,0
DA:30,0
DA:31,0
DA:32,0
DA:34,0
DA:36,0
LF:16
LH:0
BRF:0
BRH:0
end_of_record
TN:
SF:src/controllers/teacher.controller.ts
FN:28,(anonymous_12)
FN:56,(anonymous_14)
FN:74,(anonymous_16)
FN:88,(anonymous_18)
FNF:4
FNH:0
FNDA:0,(anonymous_12)
FNDA:0,(anonymous_14)
FNDA:0,(anonymous_16)
FNDA:0,(anonymous_18)
DA:1,0
DA:2,0
DA:4,0
DA:5,0
DA:6,0
DA:7,0
DA:9,0
DA:22,0
DA:25,0
DA:28,0
DA:33,0
DA:34,0
DA:36,0
DA:38,0
DA:48,0
DA:56,0
DA:60,0
DA:61,0
DA:62,0
DA:63,0
DA:64,0
DA:66,0
DA:68,0
DA:74,0
DA:77,0
DA:78,0
DA:79,0
DA:80,0
DA:82,0
DA:88,0
DA:91,0
DA:92,0
DA:93,0
DA:94,0
DA:96,0
LF:35
LH:0
BRF:0
BRH:0
end_of_record
TN:
SF:src/database/index.ts
FN:9,(anonymous_8)
FN:13,(anonymous_9)
FN:21,(anonymous_10)
FN:25,(anonymous_11)
FN:26,(anonymous_12)
FN:30,(anonymous_13)
FN:34,(anonymous_14)
FN:39,(anonymous_15)
FN:39,(anonymous_16)
FN:49,(anonymous_17)
FNF:10
FNH:10
FNDA:4,(anonymous_8)
FNDA:3,(anonymous_9)
FNDA:3,(anonymous_10)
FNDA:4,(anonymous_11)
FNDA:2,(anonymous_12)
FNDA:1,(anonymous_13)
FNDA:3,(anonymous_14)
FNDA:3,(anonymous_15)
FNDA:3,(anonymous_16)
FNDA:4,(anonymous_17)
DA:1,1
DA:4,1
DA:6,4
DA:7,4
DA:10,4
DA:14,3
DA:15,1
DA:18,3
DA:22,3
DA:26,4
DA:27,2
DA:30,4
DA:31,1
DA:34,4
DA:35,3
DA:39,3
DA:40,3
DA:41,3
DA:42,3
DA:43,2
DA:45,1
DA:50,4
DA:51,4
DA:52,4
LF:24
LH:24
BRDA:14,0,0,1
BRF:1
BRH:1
end_of_record
TN:
SF:src/database/models/class.model.ts
FNF:0
FNH:0
DA:2,1
DA:12,1
DA:30,1
LF:3
LH:3
BRF:0
BRH:0
end_of_record
TN:
SF:src/database/models/teacher.model.ts
FNF:0
FNH:0
DA:1,1
DA:8,1
DA:114,1
DA:116,1
LF:4
LH:4
BRF:0
BRH:0
end_of_record
TN:
SF:src/database/repositories/class.repository.ts
FN:6,(anonymous_7)
FN:8,(anonymous_8)
FNF:2
FNH:2
FNDA:1,(anonymous_7)
FNDA:1,(anonymous_8)
DA:2,1
DA:3,1
DA:5,1
DA:9,1
DA:10,1
DA:11,1
DA:12,0
DA:14,1
DA:16,0
LF:9
LH:7
BRDA:11,0,0,0
BRF:1
BRH:0
end_of_record
TN:
SF:src/database/repositories/teacher.repository.ts
FN:9,(anonymous_8)
FN:11,(anonymous_9)
FN:48,(anonymous_11)
FN:49,(anonymous_12)
FN:88,(anonymous_13)
FN:88,(anonymous_14)
FN:121,(anonymous_15)
FNF:7
FNH:2
FNDA:1,(anonymous_8)
FNDA:1,(anonymous_9)
FNDA:0,(anonymous_11)
FNDA:0,(anonymous_12)
FNDA:0,(anonymous_13)
FNDA:0,(anonymous_14)
FNDA:0,(anonymous_15)
DA:1,1
DA:3,1
DA:4,1
DA:5,1
DA:8,1
DA:12,1
DA:14,1
DA:20,1
DA:22,1
DA:24,0
DA:27,0
DA:30,1
DA:33,0
DA:37,0
DA:40,1
DA:41,1
DA:42,0
DA:44,1
DA:49,0
DA:52,0
DA:54,0
DA:55,0
DA:63,0
DA:69,0
DA:70,0
DA:73,0
DA:76,0
DA:79,0
DA:80,0
DA:84,0
DA:88,0
DA:89,0
DA:91,0
DA:92,0
DA:96,0
DA:99,0
DA:100,0
DA:106,0
DA:109,0
DA:112,0
DA:113,0
DA:117,0
DA:122,0
DA:124,0
DA:125,0
DA:132,0
DA:135,0
DA:139,0
DA:142,0
DA:145,0
DA:146,0
DA:150,0
LF:52
LH:13
BRDA:22,0,0,0
BRDA:41,1,0,0
BRDA:54,2,0,0
BRDA:54,3,0,0
BRDA:54,3,1,0
BRDA:69,4,0,0
BRDA:69,5,0,0
BRDA:69,5,1,0
BRDA:79,6,0,0
BRDA:91,7,0,0
BRDA:99,8,0,0
BRDA:112,9,0,0
BRDA:124,10,0,0
BRDA:136,11,0,0
BRDA:136,11,1,0
BRDA:145,12,0,0
BRF:16
BRH:0
end_of_record
TN:
SF:src/error/base-custom-error.ts
FN:6,(anonymous_1)
FN:16,(anonymous_2)
FN:22,(anonymous_3)
FNF:3
FNH:3
FNDA:19,(anonymous_1)
FNDA:2,(anonymous_2)
FNDA:11,(anonymous_3)
DA:1,9
DA:3,9
DA:7,19
DA:8,19
DA:11,19
DA:17,2
DA:21,9
DA:23,11
LF:8
LH:8
BRDA:22,0,0,10
BRF:1
BRH:1
end_of_record
TN:
SF:src/middlewares/authorize.ts
FN:12,(anonymous_8)
FN:13,(anonymous_9)
FN:13,(anonymous_10)
FNF:3
FNH:3
FNDA:1,(anonymous_8)
FNDA:1,(anonymous_9)
FNDA:1,(anonymous_10)
DA:2,1
DA:3,1
DA:4,1
DA:6,1
DA:12,1
DA:13,1
DA:14,1
DA:15,1
DA:16,1
DA:18,1
DA:19,1
DA:20,0
DA:25,1
DA:27,1
DA:30,1
DA:32,0
DA:33,0
DA:34,0
DA:36,0
LF:19
LH:14
BRDA:15,0,0,0
BRDA:15,0,1,1
BRDA:15,1,0,1
BRDA:15,1,1,1
BRDA:19,2,0,0
BRDA:33,3,0,0
BRF:6
BRH:3
end_of_record
TN:
SF:src/middlewares/errorsHandler.ts
FN:5,(anonymous_7)
FN:5,(anonymous_8)
FNF:2
FNH:2
FNDA:2,(anonymous_7)
FNDA:2,(anonymous_8)
DA:2,1
DA:5,2
DA:6,2
DA:7,1
DA:8,1
DA:16,2
LF:6
LH:6
BRDA:6,0,0,1
BRF:1
BRH:1
end_of_record
TN:
SF:src/middlewares/logger-handler.ts
FN:5,loggerMiddleware
FN:13,(anonymous_2)
FNF:2
FNH:2
FNDA:1,loggerMiddleware
FNDA:1,(anonymous_2)
DA:2,1
DA:3,1
DA:6,1
DA:7,1
DA:13,1
DA:14,1
DA:22,1
DA:25,1
LF:8
LH:8
BRF:0
BRH:0
end_of_record
TN:
SF:src/middlewares/validate-input.ts
FN:6,(anonymous_8)
FN:7,(anonymous_9)
FN:7,(anonymous_10)
FN:13,(anonymous_11)
FNF:4
FNH:4
FNDA:4,(anonymous_8)
FNDA:4,(anonymous_9)
FNDA:4,(anonymous_10)
FNDA:4,(anonymous_11)
DA:2,1
DA:3,1
DA:4,1
DA:6,1
DA:7,4
DA:8,4
DA:9,4
DA:10,1
DA:12,3
DA:13,2
DA:14,4
DA:16,2
DA:23,3
DA:24,3
LF:14
LH:14
BRDA:12,0,0,2
BRF:1
BRH:1
end_of_record
TN:
SF:src/queue/connection.queue.ts
FN:5,createQueueConnection
FN:27,closeConnection
FN:31,(anonymous_12)
FN:31,(anonymous_13)
FNF:4
FNH:0
FNDA:0,createQueueConnection
FNDA:0,closeConnection
FNDA:0,(anonymous_12)
FNDA:0,(anonymous_13)
DA:1,0
DA:2,0
DA:3,0
DA:5,0
DA:6,0
DA:7,0
DA:8,0
DA:11,0
DA:12,0
DA:14,0
DA:15,0
DA:16,0
DA:17,0
DA:18,0
DA:20,0
DA:23,0
DA:27,0
DA:31,0
DA:32,0
DA:33,0
LF:20
LH:0
BRDA:11,0,0,0
BRF:1
BRH:0
end_of_record
TN:
SF:src/queue/teacher.producer.ts
FN:5,publishDirectMessage
FNF:1
FNH:0
FNDA:0,publishDirectMessage
DA:2,0
DA:3,0
DA:5,0
DA:12,0
DA:13,0
DA:14,0
DA:16,0
DA:19,0
DA:20,0
DA:21,0
DA:23,0
LF:11
LH:0
BRDA:13,0,0,0
BRF:1
BRH:0
end_of_record
TN:
SF:src/routes/path-defs.ts
FNF:0
FNH:0
DA:1,0
DA:10,0
LF:2
LH:0
BRF:0
BRH:0
end_of_record
TN:
SF:src/routes/v1/routes.ts
FN:81,RegisterRoutes
FN:90,ClassController_CreateClass
FN:121,TeacherController_TeacherList
FN:151,TeacherController_TeacherSingup
FN:182,TeacherController_FindOneTeacher
FN:212,TeacherController_Login
FNF:6
FNH:0
FNDA:0,RegisterRoutes
FNDA:0,ClassController_CreateClass
FNDA:0,TeacherController_TeacherList
FNDA:0,TeacherController_TeacherSingup
FNDA:0,TeacherController_FindOneTeacher
FNDA:0,TeacherController_Login
DA:4,0
DA:6,0
DA:8,0
DA:15,0
DA:77,0
DA:81,0
DA:86,0
DA:91,0
DA:98,0
DA:99,0
DA:100,0
DA:102,0
DA:104,0
DA:113,0
DA:117,0
DA:122,0
DA:128,0
DA:129,0
DA:130,0
DA:132,0
DA:134,0
DA:143,0
DA:147,0
DA:152,0
DA:159,0
DA:160,0
DA:161,0
DA:163,0
DA:165,0
DA:174,0
DA:178,0
DA:183,0
DA:189,0
DA:190,0
DA:191,0
DA:193,0
DA:195,0
DA:204,0
DA:208,0
DA:213,0
DA:219,0
DA:220,0
DA:221,0
DA:223,0
DA:225,0
DA:234,0
LF:46
LH:0
BRF:0
BRH:0
end_of_record
TN:
SF:src/schemas/class-schema.ts
FNF:0
FNH:0
DA:1,1
DA:3,1
LF:2
LH:2
BRF:0
BRH:0
end_of_record
TN:
SF:src/schemas/teacher-schema.ts
FNF:0
FNH:0
DA:1,1
DA:3,1
LF:2
LH:2
BRF:0
BRH:0
end_of_record
TN:
SF:src/services/class-services.ts
FN:10,(anonymous_7)
FN:14,(anonymous_8)
FNF:2
FNH:0
FNDA:0,(anonymous_7)
FNDA:0,(anonymous_8)
DA:2,0
DA:7,0
DA:11,0
DA:17,0
DA:18,0
DA:20,0
DA:22,0
DA:35,0
DA:37,0
LF:9
LH:0
BRF:0
BRH:0
end_of_record
TN:
SF:src/services/notification-serivice.ts
FN:7,(anonymous_7)
FN:9,(anonymous_8)
FN:16,(anonymous_9)
FN:16,(anonymous_10)
FNF:4
FNH:0
FNDA:0,(anonymous_7)
FNDA:0,(anonymous_8)
FNDA:0,(anonymous_9)
FNDA:0,(anonymous_10)
DA:1,0
DA:2,0
DA:5,0
DA:10,0
DA:11,0
DA:13,0
DA:16,0
DA:20,0
DA:21,0
DA:26,0
DA:34,0
LF:11
LH:0
BRDA:10,0,0,0
BRF:1
BRH:0
end_of_record
TN:
SF:src/services/teacher-services.ts
FN:13,(anonymous_8)
FN:17,(anonymous_9)
FN:74,(anonymous_11)
FN:116,(anonymous_13)
FN:116,(anonymous_14)
FN:126,(anonymous_15)
FNF:6
FNH:0
FNDA:0,(anonymous_8)
FNDA:0,(anonymous_9)
FNDA:0,(anonymous_11)
FNDA:0,(anonymous_13)
FNDA:0,(anonymous_14)
FNDA:0,(anonymous_15)
DA:4,0
DA:5,0
DA:6,0
DA:7,0
DA:8,0
DA:9,0
DA:11,0
DA:14,0
DA:23,0
DA:33,0
DA:34,0
DA:36,0
DA:38,0
DA:39,0
DA:40,0
DA:51,0
DA:52,0
DA:53,0
DA:54,0
DA:55,0
DA:56,0
DA:63,0
DA:70,0
DA:78,0
DA:79,0
DA:80,0
DA:82,0
DA:83,0
DA:84,0
DA:90,0
DA:92,0
DA:96,0
DA:97,0
DA:110,0
DA:112,0
DA:116,0
DA:117,0
DA:118,0
DA:120,0
DA:122,0
DA:127,0
DA:128,0
DA:131,0
DA:134,0
DA:136,0
LF:45
LH:0
BRDA:31,0,0,0
BRDA:32,1,0,0
BRDA:38,2,0,0
BRDA:51,3,0,0
BRDA:52,4,0,0
BRDA:53,5,0,0
BRDA:53,6,0,0
BRDA:53,6,1,0
BRDA:55,7,0,0
BRDA:83,8,0,0
BRF:10
BRH:0
end_of_record
TN:
SF:src/utils/config.ts
FN:4,createConfig
FN:9,(anonymous_2)
FN:30,(anonymous_3)
FNF:3
FNH:3
FNDA:2,createConfig
FNDA:10,(anonymous_2)
FNDA:2,(anonymous_3)
DA:1,2
DA:2,2
DA:3,2
DA:5,2
DA:8,2
DA:9,10
DA:11,2
DA:12,1
DA:18,1
DA:30,2
DA:32,2
DA:35,2
DA:38,2
LF:13
LH:13
BRDA:11,0,0,1
BRDA:30,1,0,0
BRDA:32,2,0,2
BRDA:32,2,1,0
BRF:4
BRH:2
end_of_record
TN:
SF:src/utils/date-generate.ts
FN:1,GenerateTimeExpire
FNF:1
FNH:1
FNDA:2,GenerateTimeExpire
DA:1,1
DA:2,2
DA:3,2
DA:4,2
LF:4
LH:4
BRF:0
BRH:0
end_of_record
TN:
SF:src/utils/http-status-code.ts
FN:1,(anonymous_0)
FNF:1
FNH:1
FNDA:9,(anonymous_0)
DA:1,9
DA:3,9
DA:4,9
DA:5,9
DA:8,9
DA:9,9
DA:10,9
DA:11,9
DA:12,9
DA:13,9
DA:14,9
DA:15,9
DA:16,9
DA:17,9
DA:20,9
DA:21,9
DA:22,9
DA:23,9
DA:24,9
DA:25,9
DA:26,9
DA:27,9
DA:30,9
DA:31,9
DA:32,9
DA:33,9
DA:34,9
DA:35,9
DA:36,9
DA:37,9
DA:38,9
DA:39,9
DA:40,9
DA:41,9
DA:42,9
DA:43,9
DA:44,9
DA:45,9
DA:46,9
DA:47,9
DA:48,9
DA:49,9
DA:50,9
DA:51,9
DA:52,9
DA:53,9
DA:54,9
DA:55,9
DA:56,9
DA:57,9
DA:58,9
DA:61,9
DA:62,9
DA:63,9
DA:64,9
DA:65,9
DA:66,9
DA:67,9
DA:68,9
DA:69,9
DA:70,9
DA:71,9
DA:74,9
LF:63
LH:63
BRDA:1,0,0,9
BRDA:1,0,1,9
BRF:2
BRH:2
end_of_record
TN:
SF:src/utils/jwt.ts
FN:14,(anonymous_8)
FN:14,(anonymous_9)
FN:26,(anonymous_10)
FN:30,(anonymous_11)
FNF:4
FNH:4
FNDA:2,(anonymous_8)
FNDA:2,(anonymous_9)
FNDA:1,(anonymous_10)
FNDA:1,(anonymous_11)
DA:1,1
DA:2,1
DA:3,1
DA:4,1
DA:5,1
DA:6,1
DA:7,1
DA:10,1
DA:12,1
DA:14,2
DA:15,2
DA:16,2
DA:17,1
DA:19,1
DA:20,1
DA:24,1
DA:26,1
DA:30,1
DA:31,1
DA:35,1
DA:36,1
DA:41,1
LF:22
LH:22
BRDA:42,0,0,1
BRDA:42,0,1,0
BRF:2
BRH:1
end_of_record
TN:
SF:src/utils/logger.ts
FN:14,(anonymous_1)
FN:19,(anonymous_2)
FN:44,(anonymous_3)
FNF:3
FNH:3
FNDA:4,(anonymous_1)
FNDA:4,(anonymous_2)
FNDA:2,(anonymous_3)
DA:1,5
DA:2,5
DA:4,5
DA:7,5
DA:14,4
DA:19,5
DA:27,4
DA:34,4
DA:35,2
DA:44,5
DA:45,2
DA:46,2
LF:12
LH:12
BRDA:34,0,0,2
BRF:1
BRH:1
end_of_record
